11:52:01.659 [JavaFX Application Thread] INFO  application.InternetChecker - Internet connection is reachable.
11:52:01.947 [JavaFX Application Thread] INFO  application.Wig20Controller - Chart data added successfully for company: CD-PROJEKT
11:52:01.947 [JavaFX Application Thread] INFO  application.Wig20Controller - Fetching data for TextArea for company: CDPROJEKT
11:52:02.078 [JavaFX Application Thread] WARN  application.Wig20Controller - Fetching data for the table
11:52:02.079 [JavaFX Application Thread] INFO  application.Wig20Controller - Text set in TextArea successfully.
11:52:03.024 [JavaFX Application Thread] INFO  application.Wig20Controller - Button clicked: alior
11:52:03.025 [JavaFX Application Thread] INFO  application.Wig20Controller - Fetching data for chart for company: ALIOR-BANK
11:52:03.047 [JavaFX Application Thread] INFO  application.InternetChecker - Internet connection is reachable.
11:52:03.296 [JavaFX Application Thread] INFO  application.Wig20Controller - Chart data added successfully for company: ALIOR-BANK
11:52:03.296 [JavaFX Application Thread] INFO  application.Wig20Controller - Fetching data for TextArea for company: ALIOR
11:52:03.418 [JavaFX Application Thread] WARN  application.Wig20Controller - Fetching data for the table
11:52:03.418 [JavaFX Application Thread] INFO  application.Wig20Controller - Text set in TextArea successfully.
11:52:09.708 [JavaFX Application Thread] INFO  application.Wig20Controller - Button clicked: polsat
11:52:09.708 [JavaFX Application Thread] INFO  application.Wig20Controller - Fetching data for chart for company: CYFROWY-POLSAT
11:52:09.724 [JavaFX Application Thread] INFO  application.InternetChecker - Internet connection is reachable.
11:52:10.062 [JavaFX Application Thread] INFO  application.Wig20Controller - Chart data added successfully for company: CYFROWY-POLSAT
11:52:10.063 [JavaFX Application Thread] INFO  application.Wig20Controller - Fetching data for TextArea for company: CYFRPLSAT
11:52:10.195 [JavaFX Application Thread] WARN  application.Wig20Controller - Fetching data for the table
11:52:10.195 [JavaFX Application Thread] INFO  application.Wig20Controller - Text set in TextArea successfully.
11:52:11.392 [JavaFX Application Thread] INFO  application.Wig20Controller - Button clicked: dino
11:52:11.393 [JavaFX Application Thread] INFO  application.Wig20Controller - Fetching data for chart for company: DNP
11:52:11.408 [JavaFX Application Thread] INFO  application.InternetChecker - Internet connection is reachable.
11:52:11.631 [JavaFX Application Thread] INFO  application.Wig20Controller - Chart data added successfully for company: DNP
11:52:11.631 [JavaFX Application Thread] INFO  application.Wig20Controller - Fetching data for TextArea for company: DINOPL
11:52:11.796 [JavaFX Application Thread] WARN  application.Wig20Controller - Fetching data for the table
11:52:11.796 [JavaFX Application Thread] INFO  application.Wig20Controller - Text set in TextArea successfully.
11:52:12.829 [JavaFX Application Thread] INFO  application.Wig20Controller - Button clicked: gk
11:52:12.829 [JavaFX Application Thread] INFO  application.Wig20Controller - Fetching data for chart for company: KETY
11:52:12.844 [JavaFX Application Thread] INFO  application.InternetChecker - Internet connection is reachable.
11:52:13.126 [JavaFX Application Thread] INFO  application.Wig20Controller - Chart data added successfully for company: KETY
11:52:13.126 [JavaFX Application Thread] INFO  application.Wig20Controller - Fetching data for TextArea for company: KETY
11:52:13.486 [JavaFX Application Thread] WARN  application.Wig20Controller - Fetching data for the table
11:52:13.487 [JavaFX Application Thread] INFO  application.Wig20Controller - Text set in TextArea successfully.
11:52:18.048 [JavaFX Application Thread] INFO  application.Wig20Controller - Button clicked: kghm
11:52:18.049 [JavaFX Application Thread] INFO  application.Wig20Controller - Fetching data for chart for company: KGHM
11:52:18.064 [JavaFX Application Thread] INFO  application.InternetChecker - Internet connection is reachable.
11:52:18.098 [JavaFX Application Thread] INFO  application.Wig20Controller - Chart data added successfully for company: KGHM
11:52:18.098 [JavaFX Application Thread] INFO  application.Wig20Controller - Fetching data for TextArea for company: KGHM
11:52:18.233 [JavaFX Application Thread] WARN  application.Wig20Controller - Fetching data for the table
11:52:18.233 [JavaFX Application Thread] INFO  application.Wig20Controller - Text set in TextArea successfully.
11:52:40.002 [JavaFX Application Thread] INFO  application.Wig20Controller - Button clicked: lpp
11:52:40.003 [JavaFX Application Thread] INFO  application.Wig20Controller - Fetching data for chart for company: LPP
11:52:40.019 [JavaFX Application Thread] INFO  application.InternetChecker - Internet connection is reachable.
11:52:40.094 [JavaFX Application Thread] INFO  application.Wig20Controller - Chart data added successfully for company: LPP
11:52:40.094 [JavaFX Application Thread] INFO  application.Wig20Controller - Fetching data for TextArea for company: LPP
11:52:40.486 [JavaFX Application Thread] WARN  application.Wig20Controller - Fetching data for the table
11:52:40.487 [JavaFX Application Thread] INFO  application.Wig20Controller - Text set in TextArea successfully.
11:52:53.343 [JavaFX Application Thread] INFO  application.Wig20Controller - Button clicked: gk
11:52:53.344 [JavaFX Application Thread] INFO  application.Wig20Controller - Fetching data for chart for company: KETY
11:52:53.359 [JavaFX Application Thread] INFO  application.InternetChecker - Internet connection is reachable.
11:52:53.442 [JavaFX Application Thread] INFO  application.Wig20Controller - Chart data added successfully for company: KETY
11:52:53.443 [JavaFX Application Thread] INFO  application.Wig20Controller - Fetching data for TextArea for company: KETY
11:52:53.572 [JavaFX Application Thread] WARN  application.Wig20Controller - Fetching data for the table
11:52:53.573 [JavaFX Application Thread] INFO  application.Wig20Controller - Text set in TextArea successfully.
11:57:23.449 [JavaFX Application Thread] INFO  application.Main - Start GUI 
11:57:24.034 [JavaFX Application Thread] INFO  application.Main - End GUI
11:57:28.198 [JavaFX Application Thread] INFO  application.InternetChecker - Internet connection is reachable.
11:57:28.199 [JavaFX Application Thread] INFO  application.SceneController - Switching to WIG20 scene
11:57:28.815 [pool-3-thread-2] INFO  application.BankScraper - Using BankScraper
11:57:28.825 [pool-3-thread-2] DEBUG application.BankScraper - URL: https://www.bankier.pl/inwestowanie/profile/quote.html?symbol=WIG20
11:57:28.825 [pool-3-thread-2] INFO  application.BankScraper - Connecting to the URL...
11:57:28.825 [pool-3-thread-3] INFO  application.Wig20Controller - Fetching data for TextArea for company: WIG20
11:57:28.825 [pool-3-thread-1] INFO  application.Wig20Controller - Fetching data for chart for company: WIG20
11:57:29.537 [pool-3-thread-2] INFO  application.BankScraper - Connection successful!
11:57:29.555 [pool-3-thread-2] WARN  application.BankScraper - Iterating through table rows
11:57:29.559 [pool-3-thread-3] WARN  application.Wig20Controller - Fetching data for the table
11:57:29.560 [pool-3-thread-3] INFO  application.Wig20Controller - Text set in TextArea successfully.
11:57:29.563 [pool-3-thread-2] INFO  application.BankScraper - End of iterating through table rows.
11:57:29.563 [pool-3-thread-2] INFO  application.BankScraper - End of Using BankScraper
11:57:29.566 [pool-3-thread-2] DEBUG application.DataColumn - Created DataColumn: application.DataColumn@7393f9eb
11:57:29.566 [pool-3-thread-2] DEBUG application.Wig20Controller - Adding row to TableView: application.DataColumn@7393f9eb
11:57:29.566 [pool-3-thread-2] DEBUG application.DataColumn - Created DataColumn: application.DataColumn@1d1fd9d2
11:57:29.568 [pool-3-thread-2] DEBUG application.Wig20Controller - Adding row to TableView: application.DataColumn@1d1fd9d2
11:57:29.570 [pool-3-thread-2] DEBUG application.DataColumn - Created DataColumn: application.DataColumn@1153ee4f
11:57:29.570 [pool-3-thread-2] DEBUG application.Wig20Controller - Adding row to TableView: application.DataColumn@1153ee4f
11:57:29.570 [pool-3-thread-2] DEBUG application.DataColumn - Created DataColumn: application.DataColumn@3f96092e
11:57:29.570 [pool-3-thread-2] DEBUG application.Wig20Controller - Adding row to TableView: application.DataColumn@3f96092e
11:57:29.571 [pool-3-thread-2] DEBUG application.DataColumn - Created DataColumn: application.DataColumn@7196ff25
11:57:29.571 [pool-3-thread-2] DEBUG application.Wig20Controller - Adding row to TableView: application.DataColumn@7196ff25
11:57:29.571 [pool-3-thread-2] DEBUG application.DataColumn - Created DataColumn: application.DataColumn@267f70e0
11:57:29.571 [pool-3-thread-2] DEBUG application.Wig20Controller - Adding row to TableView: application.DataColumn@267f70e0
11:57:29.572 [pool-3-thread-2] DEBUG application.DataColumn - Created DataColumn: application.DataColumn@28d0d3f6
11:57:29.572 [pool-3-thread-2] DEBUG application.Wig20Controller - Adding row to TableView: application.DataColumn@28d0d3f6
11:57:29.572 [pool-3-thread-2] DEBUG application.DataColumn - Created DataColumn: application.DataColumn@270070bb
11:57:29.572 [pool-3-thread-2] DEBUG application.Wig20Controller - Adding row to TableView: application.DataColumn@270070bb
11:57:29.573 [pool-3-thread-2] DEBUG application.DataColumn - Created DataColumn: application.DataColumn@61a9cca9
11:57:29.573 [pool-3-thread-2] DEBUG application.Wig20Controller - Adding row to TableView: application.DataColumn@61a9cca9
11:57:29.573 [pool-3-thread-2] DEBUG application.DataColumn - Created DataColumn: application.DataColumn@3c0c580c
11:57:29.573 [pool-3-thread-2] DEBUG application.Wig20Controller - Adding row to TableView: application.DataColumn@3c0c580c
11:57:29.574 [pool-3-thread-2] DEBUG application.DataColumn - Created DataColumn: application.DataColumn@12ed6318
11:57:29.574 [pool-3-thread-2] DEBUG application.Wig20Controller - Adding row to TableView: application.DataColumn@12ed6318
11:57:29.574 [pool-3-thread-2] DEBUG application.DataColumn - Created DataColumn: application.DataColumn@364c4c56
11:57:29.574 [pool-3-thread-2] DEBUG application.Wig20Controller - Adding row to TableView: application.DataColumn@364c4c56
11:57:29.574 [pool-3-thread-2] DEBUG application.DataColumn - Created DataColumn: application.DataColumn@192f02b2
11:57:29.575 [pool-3-thread-2] DEBUG application.Wig20Controller - Adding row to TableView: application.DataColumn@192f02b2
11:57:29.575 [pool-3-thread-2] DEBUG application.DataColumn - Created DataColumn: application.DataColumn@473de5a3
11:57:29.575 [pool-3-thread-2] DEBUG application.Wig20Controller - Adding row to TableView: application.DataColumn@473de5a3
11:57:29.575 [pool-3-thread-2] DEBUG application.DataColumn - Created DataColumn: application.DataColumn@3eb1bbff
11:57:29.575 [pool-3-thread-2] DEBUG application.Wig20Controller - Adding row to TableView: application.DataColumn@3eb1bbff
11:57:29.575 [pool-3-thread-2] DEBUG application.DataColumn - Created DataColumn: application.DataColumn@6acb6e83
11:57:29.576 [pool-3-thread-2] DEBUG application.Wig20Controller - Adding row to TableView: application.DataColumn@6acb6e83
11:57:29.576 [pool-3-thread-2] DEBUG application.DataColumn - Created DataColumn: application.DataColumn@b10cbfa
11:57:29.576 [pool-3-thread-2] DEBUG application.Wig20Controller - Adding row to TableView: application.DataColumn@b10cbfa
11:57:29.576 [pool-3-thread-2] DEBUG application.DataColumn - Created DataColumn: application.DataColumn@23a837c6
11:57:29.576 [pool-3-thread-2] DEBUG application.Wig20Controller - Adding row to TableView: application.DataColumn@23a837c6
11:57:29.576 [pool-3-thread-2] DEBUG application.DataColumn - Created DataColumn: application.DataColumn@10751e0f
11:57:29.577 [pool-3-thread-2] DEBUG application.Wig20Controller - Adding row to TableView: application.DataColumn@10751e0f
11:57:29.577 [pool-3-thread-2] DEBUG application.DataColumn - Created DataColumn: application.DataColumn@21fbc5f4
11:57:29.577 [pool-3-thread-2] DEBUG application.Wig20Controller - Adding row to TableView: application.DataColumn@21fbc5f4
11:57:29.577 [pool-3-thread-2] INFO  application.Wig20Controller - End of fetching data for the table
11:57:29.690 [pool-3-thread-1] INFO  application.Wig20Controller - Chart data added successfully for company: WIG20
11:57:36.988 [JavaFX Application Thread] ERROR application.InternetChecker - Error while checking internet connectivity: Unrecognized Windows Sockets error: 11050: no further information
11:57:38.426 [JavaFX Application Thread] ERROR application.InternetChecker - Error while checking internet connectivity: Unrecognized Windows Sockets error: 11050: no further information
11:57:46.359 [JavaFX Application Thread] INFO  application.InternetChecker - Internet connection is not reachable.
11:57:53.848 [JavaFX Application Thread] INFO  application.InternetChecker - Internet connection is not reachable.
11:58:02.398 [JavaFX Application Thread] ERROR application.InternetChecker - Error while checking internet connectivity: Nieznany host (www.google.com)
11:58:04.992 [JavaFX Application Thread] ERROR application.InternetChecker - Error while checking internet connectivity: www.google.com
11:58:07.030 [JavaFX Application Thread] ERROR application.InternetChecker - Error while checking internet connectivity: www.google.com
11:58:10.472 [JavaFX Application Thread] ERROR application.InternetChecker - Error while checking internet connectivity: www.google.com
11:58:25.356 [JavaFX Application Thread] INFO  application.InternetChecker - Internet connection is not reachable.
11:58:35.855 [JavaFX Application Thread] INFO  application.InternetChecker - Internet connection is not reachable.
11:58:53.026 [JavaFX Application Thread] INFO  application.InternetChecker - Internet connection is reachable.
11:58:53.033 [JavaFX Application Thread] INFO  application.Wig20Controller - Button clicked: asseco
11:58:53.034 [JavaFX Application Thread] INFO  application.Wig20Controller - Fetching data for chart for company: ASSECO-POLAND
11:58:53.402 [JavaFX Application Thread] INFO  application.Wig20Controller - Chart data added successfully for company: ASSECO-POLAND
11:58:53.404 [JavaFX Application Thread] INFO  application.Wig20Controller - Fetching data for TextArea for company: ASSECOPOL
11:58:53.554 [JavaFX Application Thread] WARN  application.Wig20Controller - Fetching data for the table
11:58:53.555 [JavaFX Application Thread] INFO  application.Wig20Controller - Text set in TextArea successfully.
11:58:58.692 [JavaFX Application Thread] INFO  application.InternetChecker - Internet connection is reachable.
11:58:58.694 [JavaFX Application Thread] INFO  application.Wig20Controller - Button clicked: polsat
11:58:58.694 [JavaFX Application Thread] INFO  application.Wig20Controller - Fetching data for chart for company: CYFROWY-POLSAT
11:58:59.050 [JavaFX Application Thread] INFO  application.Wig20Controller - Chart data added successfully for company: CYFROWY-POLSAT
11:58:59.050 [JavaFX Application Thread] INFO  application.Wig20Controller - Fetching data for TextArea for company: CYFRPLSAT
11:58:59.224 [JavaFX Application Thread] WARN  application.Wig20Controller - Fetching data for the table
11:58:59.226 [JavaFX Application Thread] INFO  application.Wig20Controller - Text set in TextArea successfully.
11:59:00.203 [JavaFX Application Thread] INFO  application.InternetChecker - Internet connection is reachable.
11:59:00.205 [JavaFX Application Thread] INFO  application.Wig20Controller - Button clicked: jswaSA
11:59:00.206 [JavaFX Application Thread] INFO  application.Wig20Controller - Fetching data for chart for company: JSW-JASTRZEBSKA-SPOLKA-WEGLOWA
11:59:00.527 [JavaFX Application Thread] INFO  application.Wig20Controller - Chart data added successfully for company: JSW-JASTRZEBSKA-SPOLKA-WEGLOWA
11:59:00.527 [JavaFX Application Thread] INFO  application.Wig20Controller - Fetching data for TextArea for company: JSW
11:59:00.680 [JavaFX Application Thread] WARN  application.Wig20Controller - Fetching data for the table
11:59:00.681 [JavaFX Application Thread] INFO  application.Wig20Controller - Text set in TextArea successfully.
11:59:01.881 [JavaFX Application Thread] INFO  application.InternetChecker - Internet connection is reachable.
11:59:01.883 [JavaFX Application Thread] INFO  application.Wig20Controller - Button clicked: kghm
11:59:01.883 [JavaFX Application Thread] INFO  application.Wig20Controller - Fetching data for chart for company: KGHM
11:59:02.196 [JavaFX Application Thread] INFO  application.Wig20Controller - Chart data added successfully for company: KGHM
11:59:02.197 [JavaFX Application Thread] INFO  application.Wig20Controller - Fetching data for TextArea for company: KGHM
11:59:02.328 [JavaFX Application Thread] WARN  application.Wig20Controller - Fetching data for the table
11:59:02.329 [JavaFX Application Thread] INFO  application.Wig20Controller - Text set in TextArea successfully.
11:59:09.607 [JavaFX Application Thread] ERROR application.InternetChecker - Error while checking internet connectivity: Unrecognized Windows Sockets error: 11050: no further information
11:59:35.866 [JavaFX Application Thread] INFO  application.InternetChecker - Internet connection is reachable.
11:59:35.868 [JavaFX Application Thread] INFO  application.Wig20Controller - Button clicked: polsat
11:59:35.868 [JavaFX Application Thread] INFO  application.Wig20Controller - Fetching data for chart for company: CYFROWY-POLSAT
11:59:35.951 [JavaFX Application Thread] INFO  application.Wig20Controller - Chart data added successfully for company: CYFROWY-POLSAT
11:59:35.951 [JavaFX Application Thread] INFO  application.Wig20Controller - Fetching data for TextArea for company: CYFRPLSAT
11:59:36.102 [JavaFX Application Thread] WARN  application.Wig20Controller - Fetching data for the table
11:59:36.103 [JavaFX Application Thread] INFO  application.Wig20Controller - Text set in TextArea successfully.
12:00:05.589 [JavaFX Application Thread] INFO  application.InternetChecker - Internet connection is reachable.
12:00:05.591 [JavaFX Application Thread] INFO  application.Wig20Controller - Button clicked: asseco
12:00:05.592 [JavaFX Application Thread] INFO  application.Wig20Controller - Fetching data for chart for company: ASSECO-POLAND
12:00:06.492 [JavaFX Application Thread] INFO  application.Wig20Controller - Chart data added successfully for company: ASSECO-POLAND
12:00:06.492 [JavaFX Application Thread] INFO  application.Wig20Controller - Fetching data for TextArea for company: ASSECOPOL
12:00:06.641 [JavaFX Application Thread] WARN  application.Wig20Controller - Fetching data for the table
12:00:06.642 [JavaFX Application Thread] INFO  application.Wig20Controller - Text set in TextArea successfully.
12:00:07.812 [JavaFX Application Thread] INFO  application.InternetChecker - Internet connection is reachable.
12:00:07.813 [JavaFX Application Thread] INFO  application.Wig20Controller - Button clicked: cdProjekt
12:00:07.813 [JavaFX Application Thread] INFO  application.Wig20Controller - Fetching data for chart for company: CD-PROJEKT
12:00:08.136 [JavaFX Application Thread] INFO  application.Wig20Controller - Chart data added successfully for company: CD-PROJEKT
12:00:08.136 [JavaFX Application Thread] INFO  application.Wig20Controller - Fetching data for TextArea for company: CDPROJEKT
12:00:08.272 [JavaFX Application Thread] WARN  application.Wig20Controller - Fetching data for the table
12:00:08.273 [JavaFX Application Thread] INFO  application.Wig20Controller - Text set in TextArea successfully.
12:00:08.311 [JavaFX Application Thread] INFO  application.InternetChecker - Internet connection is reachable.
12:00:08.312 [JavaFX Application Thread] INFO  application.Wig20Controller - Button clicked: polsat
12:00:08.312 [JavaFX Application Thread] INFO  application.Wig20Controller - Fetching data for chart for company: CYFROWY-POLSAT
12:00:08.353 [JavaFX Application Thread] INFO  application.Wig20Controller - Chart data added successfully for company: CYFROWY-POLSAT
12:00:08.353 [JavaFX Application Thread] INFO  application.Wig20Controller - Fetching data for TextArea for company: CYFRPLSAT
12:00:08.481 [JavaFX Application Thread] WARN  application.Wig20Controller - Fetching data for the table
12:00:08.482 [JavaFX Application Thread] INFO  application.Wig20Controller - Text set in TextArea successfully.
12:00:08.715 [JavaFX Application Thread] INFO  application.InternetChecker - Internet connection is reachable.
12:00:08.717 [JavaFX Application Thread] INFO  application.Wig20Controller - Button clicked: dino
12:00:08.717 [JavaFX Application Thread] INFO  application.Wig20Controller - Fetching data for chart for company: DNP
12:00:09.594 [JavaFX Application Thread] INFO  application.Wig20Controller - Chart data added successfully for company: DNP
12:00:09.594 [JavaFX Application Thread] INFO  application.Wig20Controller - Fetching data for TextArea for company: DINOPL
12:00:09.781 [JavaFX Application Thread] WARN  application.Wig20Controller - Fetching data for the table
12:00:09.782 [JavaFX Application Thread] INFO  application.Wig20Controller - Text set in TextArea successfully.
12:00:09.815 [JavaFX Application Thread] INFO  application.InternetChecker - Internet connection is reachable.
12:00:09.816 [JavaFX Application Thread] INFO  application.Wig20Controller - Button clicked: jswaSA
12:00:09.816 [JavaFX Application Thread] INFO  application.Wig20Controller - Fetching data for chart for company: JSW-JASTRZEBSKA-SPOLKA-WEGLOWA
12:00:09.846 [JavaFX Application Thread] INFO  application.Wig20Controller - Chart data added successfully for company: JSW-JASTRZEBSKA-SPOLKA-WEGLOWA
12:00:09.846 [JavaFX Application Thread] INFO  application.Wig20Controller - Fetching data for TextArea for company: JSW
12:00:09.967 [JavaFX Application Thread] WARN  application.Wig20Controller - Fetching data for the table
12:00:09.968 [JavaFX Application Thread] INFO  application.Wig20Controller - Text set in TextArea successfully.
12:00:10.002 [JavaFX Application Thread] INFO  application.InternetChecker - Internet connection is reachable.
12:00:10.003 [JavaFX Application Thread] INFO  application.Wig20Controller - Button clicked: kghm
12:00:10.003 [JavaFX Application Thread] INFO  application.Wig20Controller - Fetching data for chart for company: KGHM
12:00:10.032 [JavaFX Application Thread] INFO  application.Wig20Controller - Chart data added successfully for company: KGHM
12:00:10.032 [JavaFX Application Thread] INFO  application.Wig20Controller - Fetching data for TextArea for company: KGHM
12:00:10.159 [JavaFX Application Thread] WARN  application.Wig20Controller - Fetching data for the table
12:00:10.160 [JavaFX Application Thread] INFO  application.Wig20Controller - Text set in TextArea successfully.
12:00:12.203 [JavaFX Application Thread] INFO  application.InternetChecker - Internet connection is reachable.
12:00:12.204 [JavaFX Application Thread] INFO  application.Wig20Controller - Button clicked: gk
12:00:12.204 [JavaFX Application Thread] INFO  application.Wig20Controller - Fetching data for chart for company: KETY
12:00:12.544 [JavaFX Application Thread] INFO  application.Wig20Controller - Chart data added successfully for company: KETY
12:00:12.545 [JavaFX Application Thread] INFO  application.Wig20Controller - Fetching data for TextArea for company: KETY
12:00:12.705 [JavaFX Application Thread] WARN  application.Wig20Controller - Fetching data for the table
12:00:12.706 [JavaFX Application Thread] INFO  application.Wig20Controller - Text set in TextArea successfully.
12:00:12.736 [JavaFX Application Thread] INFO  application.InternetChecker - Internet connection is reachable.
12:00:12.737 [JavaFX Application Thread] INFO  application.Wig20Controller - Button clicked: jswaSA
12:00:12.737 [JavaFX Application Thread] INFO  application.Wig20Controller - Fetching data for chart for company: JSW-JASTRZEBSKA-SPOLKA-WEGLOWA
12:00:12.764 [JavaFX Application Thread] INFO  application.Wig20Controller - Chart data added successfully for company: JSW-JASTRZEBSKA-SPOLKA-WEGLOWA
12:00:12.764 [JavaFX Application Thread] INFO  application.Wig20Controller - Fetching data for TextArea for company: JSW
12:00:12.895 [JavaFX Application Thread] WARN  application.Wig20Controller - Fetching data for the table
12:00:12.896 [JavaFX Application Thread] INFO  application.Wig20Controller - Text set in TextArea successfully.
12:00:12.924 [JavaFX Application Thread] INFO  application.InternetChecker - Internet connection is reachable.
12:00:12.925 [JavaFX Application Thread] INFO  application.Wig20Controller - Button clicked: dino
12:00:12.925 [JavaFX Application Thread] INFO  application.Wig20Controller - Fetching data for chart for company: DNP
12:00:12.951 [JavaFX Application Thread] INFO  application.Wig20Controller - Chart data added successfully for company: DNP
12:00:12.951 [JavaFX Application Thread] INFO  application.Wig20Controller - Fetching data for TextArea for company: DINOPL
12:00:13.076 [JavaFX Application Thread] WARN  application.Wig20Controller - Fetching data for the table
12:00:13.077 [JavaFX Application Thread] INFO  application.Wig20Controller - Text set in TextArea successfully.
12:00:13.185 [JavaFX Application Thread] INFO  application.InternetChecker - Internet connection is reachable.
12:00:13.186 [JavaFX Application Thread] INFO  application.Wig20Controller - Button clicked: polsat
12:00:13.187 [JavaFX Application Thread] INFO  application.Wig20Controller - Fetching data for chart for company: CYFROWY-POLSAT
12:00:13.215 [JavaFX Application Thread] INFO  application.Wig20Controller - Chart data added successfully for company: CYFROWY-POLSAT
12:00:13.215 [JavaFX Application Thread] INFO  application.Wig20Controller - Fetching data for TextArea for company: CYFRPLSAT
12:00:13.342 [JavaFX Application Thread] WARN  application.Wig20Controller - Fetching data for the table
12:00:13.343 [JavaFX Application Thread] INFO  application.Wig20Controller - Text set in TextArea successfully.
12:00:13.629 [JavaFX Application Thread] INFO  application.InternetChecker - Internet connection is reachable.
12:00:13.631 [JavaFX Application Thread] INFO  application.Wig20Controller - Button clicked: cdProjekt
12:00:13.631 [JavaFX Application Thread] INFO  application.Wig20Controller - Fetching data for chart for company: CD-PROJEKT
12:00:13.662 [JavaFX Application Thread] INFO  application.Wig20Controller - Chart data added successfully for company: CD-PROJEKT
12:00:13.662 [JavaFX Application Thread] INFO  application.Wig20Controller - Fetching data for TextArea for company: CDPROJEKT
12:00:13.782 [JavaFX Application Thread] WARN  application.Wig20Controller - Fetching data for the table
12:00:13.783 [JavaFX Application Thread] INFO  application.Wig20Controller - Text set in TextArea successfully.
12:00:13.843 [JavaFX Application Thread] INFO  application.InternetChecker - Internet connection is reachable.
12:00:13.844 [JavaFX Application Thread] INFO  application.Wig20Controller - Button clicked: asseco
12:00:13.844 [JavaFX Application Thread] INFO  application.Wig20Controller - Fetching data for chart for company: ASSECO-POLAND
12:00:13.871 [JavaFX Application Thread] INFO  application.Wig20Controller - Chart data added successfully for company: ASSECO-POLAND
12:00:13.872 [JavaFX Application Thread] INFO  application.Wig20Controller - Fetching data for TextArea for company: ASSECOPOL
12:00:13.992 [JavaFX Application Thread] WARN  application.Wig20Controller - Fetching data for the table
12:00:13.993 [JavaFX Application Thread] INFO  application.Wig20Controller - Text set in TextArea successfully.
12:00:14.019 [JavaFX Application Thread] INFO  application.InternetChecker - Internet connection is reachable.
12:00:14.020 [JavaFX Application Thread] INFO  application.Wig20Controller - Button clicked: allegro
12:00:14.020 [JavaFX Application Thread] INFO  application.Wig20Controller - Fetching data for chart for company: ALE
12:00:14.187 [JavaFX Application Thread] INFO  application.Wig20Controller - Chart data added successfully for company: ALE
12:00:14.188 [JavaFX Application Thread] INFO  application.Wig20Controller - Fetching data for TextArea for company: ALLEGRO
12:00:14.307 [JavaFX Application Thread] WARN  application.Wig20Controller - Fetching data for the table
12:00:14.308 [JavaFX Application Thread] INFO  application.Wig20Controller - Text set in TextArea successfully.
12:00:14.337 [JavaFX Application Thread] INFO  application.InternetChecker - Internet connection is reachable.
12:00:14.338 [JavaFX Application Thread] INFO  application.Wig20Controller - Button clicked: alior
12:00:14.339 [JavaFX Application Thread] INFO  application.Wig20Controller - Fetching data for chart for company: ALIOR-BANK
12:00:14.571 [JavaFX Application Thread] INFO  application.Wig20Controller - Chart data added successfully for company: ALIOR-BANK
12:00:14.571 [JavaFX Application Thread] INFO  application.Wig20Controller - Fetching data for TextArea for company: ALIOR
12:00:14.749 [JavaFX Application Thread] WARN  application.Wig20Controller - Fetching data for the table
12:00:14.750 [JavaFX Application Thread] INFO  application.Wig20Controller - Text set in TextArea successfully.
12:00:14.781 [JavaFX Application Thread] INFO  application.InternetChecker - Internet connection is reachable.
12:00:14.782 [JavaFX Application Thread] INFO  application.Wig20Controller - Button clicked: alior
12:00:14.782 [JavaFX Application Thread] INFO  application.Wig20Controller - Fetching data for chart for company: ALIOR-BANK
12:00:14.808 [JavaFX Application Thread] INFO  application.Wig20Controller - Chart data added successfully for company: ALIOR-BANK
12:00:14.809 [JavaFX Application Thread] INFO  application.Wig20Controller - Fetching data for TextArea for company: ALIOR
12:00:15.006 [JavaFX Application Thread] WARN  application.Wig20Controller - Fetching data for the table
12:00:15.007 [JavaFX Application Thread] INFO  application.Wig20Controller - Text set in TextArea successfully.
12:00:16.650 [JavaFX Application Thread] INFO  application.InternetChecker - Internet connection is reachable.
12:00:16.651 [JavaFX Application Thread] INFO  application.Wig20Controller - Button clicked: cdProjekt
12:00:16.651 [JavaFX Application Thread] INFO  application.Wig20Controller - Fetching data for chart for company: CD-PROJEKT
12:00:16.680 [JavaFX Application Thread] INFO  application.Wig20Controller - Chart data added successfully for company: CD-PROJEKT
12:00:16.682 [JavaFX Application Thread] INFO  application.Wig20Controller - Fetching data for TextArea for company: CDPROJEKT
12:00:16.796 [JavaFX Application Thread] WARN  application.Wig20Controller - Fetching data for the table
12:00:16.797 [JavaFX Application Thread] INFO  application.Wig20Controller - Text set in TextArea successfully.
12:00:17.945 [JavaFX Application Thread] INFO  application.InternetChecker - Internet connection is reachable.
12:00:17.945 [JavaFX Application Thread] INFO  application.Wig20Controller - Button clicked: polsat
12:00:17.946 [JavaFX Application Thread] INFO  application.Wig20Controller - Fetching data for chart for company: CYFROWY-POLSAT
12:00:17.971 [JavaFX Application Thread] INFO  application.Wig20Controller - Chart data added successfully for company: CYFROWY-POLSAT
12:00:17.971 [JavaFX Application Thread] INFO  application.Wig20Controller - Fetching data for TextArea for company: CYFRPLSAT
12:00:18.096 [JavaFX Application Thread] WARN  application.Wig20Controller - Fetching data for the table
12:00:18.096 [JavaFX Application Thread] INFO  application.Wig20Controller - Text set in TextArea successfully.
12:00:18.869 [JavaFX Application Thread] INFO  application.InternetChecker - Internet connection is reachable.
12:00:18.870 [JavaFX Application Thread] INFO  application.Wig20Controller - Button clicked: dino
12:00:18.870 [JavaFX Application Thread] INFO  application.Wig20Controller - Fetching data for chart for company: DNP
12:00:18.896 [JavaFX Application Thread] INFO  application.Wig20Controller - Chart data added successfully for company: DNP
12:00:18.896 [JavaFX Application Thread] INFO  application.Wig20Controller - Fetching data for TextArea for company: DINOPL
12:00:19.024 [JavaFX Application Thread] WARN  application.Wig20Controller - Fetching data for the table
12:00:19.024 [JavaFX Application Thread] INFO  application.Wig20Controller - Text set in TextArea successfully.
12:00:19.557 [JavaFX Application Thread] INFO  application.InternetChecker - Internet connection is reachable.
12:00:19.557 [JavaFX Application Thread] INFO  application.Wig20Controller - Button clicked: jswaSA
12:00:19.559 [JavaFX Application Thread] INFO  application.Wig20Controller - Fetching data for chart for company: JSW-JASTRZEBSKA-SPOLKA-WEGLOWA
12:00:19.593 [JavaFX Application Thread] INFO  application.Wig20Controller - Chart data added successfully for company: JSW-JASTRZEBSKA-SPOLKA-WEGLOWA
12:00:19.593 [JavaFX Application Thread] INFO  application.Wig20Controller - Fetching data for TextArea for company: JSW
12:00:19.708 [JavaFX Application Thread] WARN  application.Wig20Controller - Fetching data for the table
12:00:19.709 [JavaFX Application Thread] INFO  application.Wig20Controller - Text set in TextArea successfully.
12:00:20.247 [JavaFX Application Thread] INFO  application.InternetChecker - Internet connection is reachable.
12:00:20.249 [JavaFX Application Thread] INFO  application.Wig20Controller - Button clicked: gk
12:00:20.249 [JavaFX Application Thread] INFO  application.Wig20Controller - Fetching data for chart for company: KETY
12:00:20.274 [JavaFX Application Thread] INFO  application.Wig20Controller - Chart data added successfully for company: KETY
12:00:20.274 [JavaFX Application Thread] INFO  application.Wig20Controller - Fetching data for TextArea for company: KETY
12:00:20.392 [JavaFX Application Thread] WARN  application.Wig20Controller - Fetching data for the table
12:00:20.393 [JavaFX Application Thread] INFO  application.Wig20Controller - Text set in TextArea successfully.
12:00:20.897 [JavaFX Application Thread] INFO  application.InternetChecker - Internet connection is reachable.
12:00:20.898 [JavaFX Application Thread] INFO  application.Wig20Controller - Button clicked: kghm
12:00:20.898 [JavaFX Application Thread] INFO  application.Wig20Controller - Fetching data for chart for company: KGHM
12:00:20.923 [JavaFX Application Thread] INFO  application.Wig20Controller - Chart data added successfully for company: KGHM
12:00:20.923 [JavaFX Application Thread] INFO  application.Wig20Controller - Fetching data for TextArea for company: KGHM
12:00:21.043 [JavaFX Application Thread] WARN  application.Wig20Controller - Fetching data for the table
12:00:21.044 [JavaFX Application Thread] INFO  application.Wig20Controller - Text set in TextArea successfully.
12:00:21.498 [JavaFX Application Thread] INFO  application.InternetChecker - Internet connection is reachable.
12:00:21.499 [JavaFX Application Thread] INFO  application.Wig20Controller - Button clicked: kruk
12:00:21.499 [JavaFX Application Thread] INFO  application.Wig20Controller - Fetching data for chart for company: KRUK
12:00:21.792 [JavaFX Application Thread] INFO  application.Wig20Controller - Chart data added successfully for company: KRUK
12:00:21.792 [JavaFX Application Thread] INFO  application.Wig20Controller - Fetching data for TextArea for company: KRUK
12:00:21.904 [JavaFX Application Thread] WARN  application.Wig20Controller - Fetching data for the table
12:00:21.905 [JavaFX Application Thread] INFO  application.Wig20Controller - Text set in TextArea successfully.
12:00:21.931 [JavaFX Application Thread] INFO  application.InternetChecker - Internet connection is reachable.
12:00:21.932 [JavaFX Application Thread] INFO  application.Wig20Controller - Button clicked: kghm
12:00:21.932 [JavaFX Application Thread] INFO  application.Wig20Controller - Fetching data for chart for company: KGHM
12:00:21.958 [JavaFX Application Thread] INFO  application.Wig20Controller - Chart data added successfully for company: KGHM
12:00:21.958 [JavaFX Application Thread] INFO  application.Wig20Controller - Fetching data for TextArea for company: KGHM
12:00:22.067 [JavaFX Application Thread] WARN  application.Wig20Controller - Fetching data for the table
12:00:22.067 [JavaFX Application Thread] INFO  application.Wig20Controller - Text set in TextArea successfully.
12:00:22.122 [JavaFX Application Thread] INFO  application.InternetChecker - Internet connection is reachable.
12:00:22.124 [JavaFX Application Thread] INFO  application.Wig20Controller - Button clicked: gk
12:00:22.124 [JavaFX Application Thread] INFO  application.Wig20Controller - Fetching data for chart for company: KETY
12:00:22.149 [JavaFX Application Thread] INFO  application.Wig20Controller - Chart data added successfully for company: KETY
12:00:22.149 [JavaFX Application Thread] INFO  application.Wig20Controller - Fetching data for TextArea for company: KETY
12:00:22.265 [JavaFX Application Thread] WARN  application.Wig20Controller - Fetching data for the table
12:00:22.265 [JavaFX Application Thread] INFO  application.Wig20Controller - Text set in TextArea successfully.
12:00:22.450 [JavaFX Application Thread] INFO  application.InternetChecker - Internet connection is reachable.
12:00:22.451 [JavaFX Application Thread] INFO  application.Wig20Controller - Button clicked: dino
12:00:22.451 [JavaFX Application Thread] INFO  application.Wig20Controller - Fetching data for chart for company: DNP
12:00:22.475 [JavaFX Application Thread] INFO  application.Wig20Controller - Chart data added successfully for company: DNP
12:00:22.475 [JavaFX Application Thread] INFO  application.Wig20Controller - Fetching data for TextArea for company: DINOPL
12:00:22.628 [JavaFX Application Thread] WARN  application.Wig20Controller - Fetching data for the table
12:00:22.628 [JavaFX Application Thread] INFO  application.Wig20Controller - Text set in TextArea successfully.
12:00:22.654 [JavaFX Application Thread] INFO  application.InternetChecker - Internet connection is reachable.
12:00:22.654 [JavaFX Application Thread] INFO  application.Wig20Controller - Button clicked: polsat
12:00:22.654 [JavaFX Application Thread] INFO  application.Wig20Controller - Fetching data for chart for company: CYFROWY-POLSAT
12:00:22.680 [JavaFX Application Thread] INFO  application.Wig20Controller - Chart data added successfully for company: CYFROWY-POLSAT
12:00:22.680 [JavaFX Application Thread] INFO  application.Wig20Controller - Fetching data for TextArea for company: CYFRPLSAT
12:00:22.848 [JavaFX Application Thread] WARN  application.Wig20Controller - Fetching data for the table
12:00:22.848 [JavaFX Application Thread] INFO  application.Wig20Controller - Text set in TextArea successfully.
12:00:22.872 [JavaFX Application Thread] INFO  application.InternetChecker - Internet connection is reachable.
12:00:22.872 [JavaFX Application Thread] INFO  application.Wig20Controller - Button clicked: polsat
12:00:22.872 [JavaFX Application Thread] INFO  application.Wig20Controller - Fetching data for chart for company: CYFROWY-POLSAT
12:00:22.913 [JavaFX Application Thread] INFO  application.Wig20Controller - Chart data added successfully for company: CYFROWY-POLSAT
12:00:22.914 [JavaFX Application Thread] INFO  application.Wig20Controller - Fetching data for TextArea for company: CYFRPLSAT
12:00:23.085 [JavaFX Application Thread] WARN  application.Wig20Controller - Fetching data for the table
12:00:23.085 [JavaFX Application Thread] INFO  application.Wig20Controller - Text set in TextArea successfully.
12:00:24.712 [JavaFX Application Thread] INFO  application.InternetChecker - Internet connection is reachable.
12:00:24.713 [JavaFX Application Thread] INFO  application.Wig20Controller - Button clicked: asseco
12:00:24.713 [JavaFX Application Thread] INFO  application.Wig20Controller - Fetching data for chart for company: ASSECO-POLAND
12:00:24.740 [JavaFX Application Thread] INFO  application.Wig20Controller - Chart data added successfully for company: ASSECO-POLAND
12:00:24.740 [JavaFX Application Thread] INFO  application.Wig20Controller - Fetching data for TextArea for company: ASSECOPOL
12:00:24.855 [JavaFX Application Thread] WARN  application.Wig20Controller - Fetching data for the table
12:00:24.856 [JavaFX Application Thread] INFO  application.Wig20Controller - Text set in TextArea successfully.
12:00:24.917 [JavaFX Application Thread] INFO  application.InternetChecker - Internet connection is reachable.
12:00:24.918 [JavaFX Application Thread] INFO  application.Wig20Controller - Button clicked: cdProjekt
12:00:24.918 [JavaFX Application Thread] INFO  application.Wig20Controller - Fetching data for chart for company: CD-PROJEKT
12:00:24.947 [JavaFX Application Thread] INFO  application.Wig20Controller - Chart data added successfully for company: CD-PROJEKT
12:00:24.947 [JavaFX Application Thread] INFO  application.Wig20Controller - Fetching data for TextArea for company: CDPROJEKT
12:00:25.081 [JavaFX Application Thread] WARN  application.Wig20Controller - Fetching data for the table
12:00:25.081 [JavaFX Application Thread] INFO  application.Wig20Controller - Text set in TextArea successfully.
12:00:25.273 [JavaFX Application Thread] INFO  application.InternetChecker - Internet connection is reachable.
12:00:25.273 [JavaFX Application Thread] INFO  application.Wig20Controller - Button clicked: polsat
12:00:25.274 [JavaFX Application Thread] INFO  application.Wig20Controller - Fetching data for chart for company: CYFROWY-POLSAT
12:00:25.300 [JavaFX Application Thread] INFO  application.Wig20Controller - Chart data added successfully for company: CYFROWY-POLSAT
12:00:25.301 [JavaFX Application Thread] INFO  application.Wig20Controller - Fetching data for TextArea for company: CYFRPLSAT
12:00:25.419 [JavaFX Application Thread] WARN  application.Wig20Controller - Fetching data for the table
12:00:25.419 [JavaFX Application Thread] INFO  application.Wig20Controller - Text set in TextArea successfully.
12:00:25.652 [JavaFX Application Thread] INFO  application.InternetChecker - Internet connection is reachable.
12:00:25.653 [JavaFX Application Thread] INFO  application.Wig20Controller - Button clicked: jswaSA
12:00:25.653 [JavaFX Application Thread] INFO  application.Wig20Controller - Fetching data for chart for company: JSW-JASTRZEBSKA-SPOLKA-WEGLOWA
12:00:25.679 [JavaFX Application Thread] INFO  application.Wig20Controller - Chart data added successfully for company: JSW-JASTRZEBSKA-SPOLKA-WEGLOWA
12:00:25.679 [JavaFX Application Thread] INFO  application.Wig20Controller - Fetching data for TextArea for company: JSW
12:00:25.817 [JavaFX Application Thread] WARN  application.Wig20Controller - Fetching data for the table
12:00:25.817 [JavaFX Application Thread] INFO  application.Wig20Controller - Text set in TextArea successfully.
12:00:25.843 [JavaFX Application Thread] INFO  application.InternetChecker - Internet connection is reachable.
12:00:25.843 [JavaFX Application Thread] INFO  application.Wig20Controller - Button clicked: gk
12:00:25.843 [JavaFX Application Thread] INFO  application.Wig20Controller - Fetching data for chart for company: KETY
12:00:25.868 [JavaFX Application Thread] INFO  application.Wig20Controller - Chart data added successfully for company: KETY
12:00:25.869 [JavaFX Application Thread] INFO  application.Wig20Controller - Fetching data for TextArea for company: KETY
12:00:25.983 [JavaFX Application Thread] WARN  application.Wig20Controller - Fetching data for the table
12:00:25.983 [JavaFX Application Thread] INFO  application.Wig20Controller - Text set in TextArea successfully.
12:00:26.009 [JavaFX Application Thread] INFO  application.InternetChecker - Internet connection is reachable.
12:00:26.011 [JavaFX Application Thread] INFO  application.Wig20Controller - Button clicked: kghm
12:00:26.011 [JavaFX Application Thread] INFO  application.Wig20Controller - Fetching data for chart for company: KGHM
12:00:26.038 [JavaFX Application Thread] INFO  application.Wig20Controller - Chart data added successfully for company: KGHM
12:00:26.038 [JavaFX Application Thread] INFO  application.Wig20Controller - Fetching data for TextArea for company: KGHM
12:00:26.153 [JavaFX Application Thread] WARN  application.Wig20Controller - Fetching data for the table
12:00:26.153 [JavaFX Application Thread] INFO  application.Wig20Controller - Text set in TextArea successfully.
12:00:26.373 [JavaFX Application Thread] INFO  application.InternetChecker - Internet connection is reachable.
12:00:26.374 [JavaFX Application Thread] INFO  application.Wig20Controller - Button clicked: kruk
12:00:26.374 [JavaFX Application Thread] INFO  application.Wig20Controller - Fetching data for chart for company: KRUK
12:00:26.400 [JavaFX Application Thread] INFO  application.Wig20Controller - Chart data added successfully for company: KRUK
12:00:26.401 [JavaFX Application Thread] INFO  application.Wig20Controller - Fetching data for TextArea for company: KRUK
12:00:26.528 [JavaFX Application Thread] WARN  application.Wig20Controller - Fetching data for the table
12:00:26.529 [JavaFX Application Thread] INFO  application.Wig20Controller - Text set in TextArea successfully.
12:00:28.025 [JavaFX Application Thread] INFO  application.InternetChecker - Internet connection is reachable.
12:00:28.025 [JavaFX Application Thread] INFO  application.Wig20Controller - Button clicked: jswaSA
12:00:28.026 [JavaFX Application Thread] INFO  application.Wig20Controller - Fetching data for chart for company: JSW-JASTRZEBSKA-SPOLKA-WEGLOWA
12:00:28.051 [JavaFX Application Thread] INFO  application.Wig20Controller - Chart data added successfully for company: JSW-JASTRZEBSKA-SPOLKA-WEGLOWA
12:00:28.051 [JavaFX Application Thread] INFO  application.Wig20Controller - Fetching data for TextArea for company: JSW
12:00:28.183 [JavaFX Application Thread] WARN  application.Wig20Controller - Fetching data for the table
12:00:28.185 [JavaFX Application Thread] INFO  application.Wig20Controller - Text set in TextArea successfully.
12:00:28.965 [JavaFX Application Thread] INFO  application.InternetChecker - Internet connection is reachable.
12:00:28.967 [JavaFX Application Thread] INFO  application.Wig20Controller - Button clicked: gk
12:00:28.967 [JavaFX Application Thread] INFO  application.Wig20Controller - Fetching data for chart for company: KETY
12:00:28.992 [JavaFX Application Thread] INFO  application.Wig20Controller - Chart data added successfully for company: KETY
12:00:28.992 [JavaFX Application Thread] INFO  application.Wig20Controller - Fetching data for TextArea for company: KETY
12:00:29.113 [JavaFX Application Thread] WARN  application.Wig20Controller - Fetching data for the table
12:00:29.113 [JavaFX Application Thread] INFO  application.Wig20Controller - Text set in TextArea successfully.
12:00:29.929 [JavaFX Application Thread] INFO  application.InternetChecker - Internet connection is reachable.
12:00:29.929 [JavaFX Application Thread] INFO  application.Wig20Controller - Button clicked: polsat
12:00:29.930 [JavaFX Application Thread] INFO  application.Wig20Controller - Fetching data for chart for company: CYFROWY-POLSAT
12:00:29.955 [JavaFX Application Thread] INFO  application.Wig20Controller - Chart data added successfully for company: CYFROWY-POLSAT
12:00:29.955 [JavaFX Application Thread] INFO  application.Wig20Controller - Fetching data for TextArea for company: CYFRPLSAT
12:00:30.293 [JavaFX Application Thread] WARN  application.Wig20Controller - Fetching data for the table
12:00:30.294 [JavaFX Application Thread] INFO  application.Wig20Controller - Text set in TextArea successfully.
12:00:30.719 [JavaFX Application Thread] INFO  application.InternetChecker - Internet connection is reachable.
12:00:30.720 [JavaFX Application Thread] INFO  application.Wig20Controller - Button clicked: asseco
12:00:30.720 [JavaFX Application Thread] INFO  application.Wig20Controller - Fetching data for chart for company: ASSECO-POLAND
12:00:30.747 [JavaFX Application Thread] INFO  application.Wig20Controller - Chart data added successfully for company: ASSECO-POLAND
12:00:30.747 [JavaFX Application Thread] INFO  application.Wig20Controller - Fetching data for TextArea for company: ASSECOPOL
12:00:30.868 [JavaFX Application Thread] WARN  application.Wig20Controller - Fetching data for the table
12:00:30.868 [JavaFX Application Thread] INFO  application.Wig20Controller - Text set in TextArea successfully.
12:00:31.397 [JavaFX Application Thread] INFO  application.InternetChecker - Internet connection is reachable.
12:00:31.397 [JavaFX Application Thread] INFO  application.Wig20Controller - Button clicked: allegro
12:00:31.399 [JavaFX Application Thread] INFO  application.Wig20Controller - Fetching data for chart for company: ALE
12:00:31.437 [JavaFX Application Thread] INFO  application.Wig20Controller - Chart data added successfully for company: ALE
12:00:31.437 [JavaFX Application Thread] INFO  application.Wig20Controller - Fetching data for TextArea for company: ALLEGRO
12:00:31.559 [JavaFX Application Thread] WARN  application.Wig20Controller - Fetching data for the table
12:00:31.560 [JavaFX Application Thread] INFO  application.Wig20Controller - Text set in TextArea successfully.
12:00:32.548 [JavaFX Application Thread] INFO  application.InternetChecker - Internet connection is reachable.
12:00:32.550 [JavaFX Application Thread] INFO  application.Wig20Controller - Button clicked: alior
12:00:32.550 [JavaFX Application Thread] INFO  application.Wig20Controller - Fetching data for chart for company: ALIOR-BANK
12:00:32.576 [JavaFX Application Thread] INFO  application.Wig20Controller - Chart data added successfully for company: ALIOR-BANK
12:00:32.576 [JavaFX Application Thread] INFO  application.Wig20Controller - Fetching data for TextArea for company: ALIOR
12:00:32.695 [JavaFX Application Thread] WARN  application.Wig20Controller - Fetching data for the table
12:00:32.695 [JavaFX Application Thread] INFO  application.Wig20Controller - Text set in TextArea successfully.
12:00:33.450 [JavaFX Application Thread] INFO  application.InternetChecker - Internet connection is reachable.
12:00:33.451 [JavaFX Application Thread] INFO  application.Wig20Controller - Button clicked: asseco
12:00:33.451 [JavaFX Application Thread] INFO  application.Wig20Controller - Fetching data for chart for company: ASSECO-POLAND
12:00:33.483 [JavaFX Application Thread] INFO  application.Wig20Controller - Chart data added successfully for company: ASSECO-POLAND
12:00:33.483 [JavaFX Application Thread] INFO  application.Wig20Controller - Fetching data for TextArea for company: ASSECOPOL
12:00:33.598 [JavaFX Application Thread] WARN  application.Wig20Controller - Fetching data for the table
12:00:33.599 [JavaFX Application Thread] INFO  application.Wig20Controller - Text set in TextArea successfully.
12:00:33.959 [JavaFX Application Thread] INFO  application.InternetChecker - Internet connection is reachable.
12:00:33.959 [JavaFX Application Thread] INFO  application.Wig20Controller - Button clicked: cdProjekt
12:00:33.959 [JavaFX Application Thread] INFO  application.Wig20Controller - Fetching data for chart for company: CD-PROJEKT
12:00:33.992 [JavaFX Application Thread] INFO  application.Wig20Controller - Chart data added successfully for company: CD-PROJEKT
12:00:33.992 [JavaFX Application Thread] INFO  application.Wig20Controller - Fetching data for TextArea for company: CDPROJEKT
12:00:34.113 [JavaFX Application Thread] WARN  application.Wig20Controller - Fetching data for the table
12:00:34.113 [JavaFX Application Thread] INFO  application.Wig20Controller - Text set in TextArea successfully.
12:00:34.873 [JavaFX Application Thread] INFO  application.InternetChecker - Internet connection is reachable.
12:00:34.873 [JavaFX Application Thread] INFO  application.Wig20Controller - Button clicked: jswaSA
12:00:34.873 [JavaFX Application Thread] INFO  application.Wig20Controller - Fetching data for chart for company: JSW-JASTRZEBSKA-SPOLKA-WEGLOWA
12:00:34.899 [JavaFX Application Thread] INFO  application.Wig20Controller - Chart data added successfully for company: JSW-JASTRZEBSKA-SPOLKA-WEGLOWA
12:00:34.899 [JavaFX Application Thread] INFO  application.Wig20Controller - Fetching data for TextArea for company: JSW
12:00:35.134 [JavaFX Application Thread] WARN  application.Wig20Controller - Fetching data for the table
12:00:35.134 [JavaFX Application Thread] INFO  application.Wig20Controller - Text set in TextArea successfully.
12:00:35.578 [JavaFX Application Thread] INFO  application.InternetChecker - Internet connection is reachable.
12:00:35.578 [JavaFX Application Thread] INFO  application.Wig20Controller - Button clicked: kghm
12:00:35.578 [JavaFX Application Thread] INFO  application.Wig20Controller - Fetching data for chart for company: KGHM
12:00:35.604 [JavaFX Application Thread] INFO  application.Wig20Controller - Chart data added successfully for company: KGHM
12:00:35.604 [JavaFX Application Thread] INFO  application.Wig20Controller - Fetching data for TextArea for company: KGHM
12:00:35.718 [JavaFX Application Thread] WARN  application.Wig20Controller - Fetching data for the table
12:00:35.718 [JavaFX Application Thread] INFO  application.Wig20Controller - Text set in TextArea successfully.
12:00:36.920 [JavaFX Application Thread] INFO  application.InternetChecker - Internet connection is reachable.
12:00:36.921 [JavaFX Application Thread] INFO  application.Wig20Controller - Button clicked: kruk
12:00:36.921 [JavaFX Application Thread] INFO  application.Wig20Controller - Fetching data for chart for company: KRUK
12:00:36.946 [JavaFX Application Thread] INFO  application.Wig20Controller - Chart data added successfully for company: KRUK
12:00:36.946 [JavaFX Application Thread] INFO  application.Wig20Controller - Fetching data for TextArea for company: KRUK
12:00:37.087 [JavaFX Application Thread] WARN  application.Wig20Controller - Fetching data for the table
12:00:37.088 [JavaFX Application Thread] INFO  application.Wig20Controller - Text set in TextArea successfully.
12:00:38.540 [JavaFX Application Thread] INFO  application.InternetChecker - Internet connection is reachable.
12:00:38.542 [JavaFX Application Thread] INFO  application.Wig20Controller - Button clicked: kruk
12:00:38.542 [JavaFX Application Thread] INFO  application.Wig20Controller - Fetching data for chart for company: KRUK
12:00:38.585 [JavaFX Application Thread] INFO  application.Wig20Controller - Chart data added successfully for company: KRUK
12:00:38.585 [JavaFX Application Thread] INFO  application.Wig20Controller - Fetching data for TextArea for company: KRUK
12:00:38.722 [JavaFX Application Thread] WARN  application.Wig20Controller - Fetching data for the table
12:00:38.722 [JavaFX Application Thread] INFO  application.Wig20Controller - Text set in TextArea successfully.
12:00:39.450 [JavaFX Application Thread] INFO  application.InternetChecker - Internet connection is reachable.
12:00:39.451 [JavaFX Application Thread] INFO  application.Wig20Controller - Button clicked: mbank
12:00:39.451 [JavaFX Application Thread] INFO  application.Wig20Controller - Fetching data for chart for company: MBANK
12:00:39.750 [JavaFX Application Thread] INFO  application.Wig20Controller - Chart data added successfully for company: MBANK
12:00:39.751 [JavaFX Application Thread] INFO  application.Wig20Controller - Fetching data for TextArea for company: MBANK
12:00:39.863 [JavaFX Application Thread] WARN  application.Wig20Controller - Fetching data for the table
12:00:39.863 [JavaFX Application Thread] INFO  application.Wig20Controller - Text set in TextArea successfully.
12:00:40.873 [JavaFX Application Thread] INFO  application.InternetChecker - Internet connection is reachable.
12:00:40.873 [JavaFX Application Thread] INFO  application.Wig20Controller - Button clicked: orange
12:00:40.873 [JavaFX Application Thread] INFO  application.Wig20Controller - Fetching data for chart for company: ORANGE
12:00:41.167 [JavaFX Application Thread] INFO  application.Wig20Controller - Chart data added successfully for company: ORANGE
12:00:41.167 [JavaFX Application Thread] INFO  application.Wig20Controller - Fetching data for TextArea for company: ORANGEPL
12:00:41.725 [JavaFX Application Thread] WARN  application.Wig20Controller - Fetching data for the table
12:00:41.726 [JavaFX Application Thread] INFO  application.Wig20Controller - Text set in TextArea successfully.
12:00:44.763 [JavaFX Application Thread] INFO  application.InternetChecker - Internet connection is reachable.
12:00:44.764 [JavaFX Application Thread] INFO  application.Wig20Controller - Button clicked: pepco
12:00:44.764 [JavaFX Application Thread] INFO  application.Wig20Controller - Fetching data for chart for company: PCO
12:00:44.932 [JavaFX Application Thread] INFO  application.Wig20Controller - Chart data added successfully for company: PCO
12:00:44.932 [JavaFX Application Thread] INFO  application.Wig20Controller - Fetching data for TextArea for company: PEPCO
12:00:45.054 [JavaFX Application Thread] WARN  application.Wig20Controller - Fetching data for the table
12:00:45.054 [JavaFX Application Thread] INFO  application.Wig20Controller - Text set in TextArea successfully.
12:00:46.899 [JavaFX Application Thread] INFO  application.InternetChecker - Internet connection is reachable.
12:00:46.899 [JavaFX Application Thread] INFO  application.Wig20Controller - Button clicked: pekao
12:00:46.900 [JavaFX Application Thread] INFO  application.Wig20Controller - Fetching data for chart for company: PEKAO
12:00:47.204 [JavaFX Application Thread] INFO  application.Wig20Controller - Chart data added successfully for company: PEKAO
12:00:47.204 [JavaFX Application Thread] INFO  application.Wig20Controller - Fetching data for TextArea for company: PEKAO
12:00:47.326 [JavaFX Application Thread] WARN  application.Wig20Controller - Fetching data for the table
12:00:47.326 [JavaFX Application Thread] INFO  application.Wig20Controller - Text set in TextArea successfully.
12:00:48.145 [JavaFX Application Thread] INFO  application.InternetChecker - Internet connection is reachable.
12:00:48.146 [JavaFX Application Thread] INFO  application.Wig20Controller - Button clicked: pepco
12:00:48.146 [JavaFX Application Thread] INFO  application.Wig20Controller - Fetching data for chart for company: PCO
12:00:48.172 [JavaFX Application Thread] INFO  application.Wig20Controller - Chart data added successfully for company: PCO
12:00:48.172 [JavaFX Application Thread] INFO  application.Wig20Controller - Fetching data for TextArea for company: PEPCO
12:00:48.300 [JavaFX Application Thread] WARN  application.Wig20Controller - Fetching data for the table
12:00:48.300 [JavaFX Application Thread] INFO  application.Wig20Controller - Text set in TextArea successfully.
12:00:49.359 [JavaFX Application Thread] INFO  application.InternetChecker - Internet connection is reachable.
12:00:49.360 [JavaFX Application Thread] INFO  application.Wig20Controller - Button clicked: pekao
12:00:49.360 [JavaFX Application Thread] INFO  application.Wig20Controller - Fetching data for chart for company: PEKAO
12:00:49.384 [JavaFX Application Thread] INFO  application.Wig20Controller - Chart data added successfully for company: PEKAO
12:00:49.384 [JavaFX Application Thread] INFO  application.Wig20Controller - Fetching data for TextArea for company: PEKAO
12:00:49.511 [JavaFX Application Thread] WARN  application.Wig20Controller - Fetching data for the table
12:00:49.511 [JavaFX Application Thread] INFO  application.Wig20Controller - Text set in TextArea successfully.
12:00:50.957 [JavaFX Application Thread] INFO  application.InternetChecker - Internet connection is reachable.
12:00:50.959 [JavaFX Application Thread] INFO  application.Wig20Controller - Button clicked: orange
12:00:50.959 [JavaFX Application Thread] INFO  application.Wig20Controller - Fetching data for chart for company: ORANGE
12:00:50.983 [JavaFX Application Thread] INFO  application.Wig20Controller - Chart data added successfully for company: ORANGE
12:00:50.983 [JavaFX Application Thread] INFO  application.Wig20Controller - Fetching data for TextArea for company: ORANGEPL
12:00:51.113 [JavaFX Application Thread] WARN  application.Wig20Controller - Fetching data for the table
12:00:51.113 [JavaFX Application Thread] INFO  application.Wig20Controller - Text set in TextArea successfully.
12:00:51.698 [JavaFX Application Thread] INFO  application.InternetChecker - Internet connection is reachable.
12:00:51.699 [JavaFX Application Thread] INFO  application.Wig20Controller - Button clicked: mbank
12:00:51.699 [JavaFX Application Thread] INFO  application.Wig20Controller - Fetching data for chart for company: MBANK
12:00:51.724 [JavaFX Application Thread] INFO  application.Wig20Controller - Chart data added successfully for company: MBANK
12:00:51.724 [JavaFX Application Thread] INFO  application.Wig20Controller - Fetching data for TextArea for company: MBANK
12:00:51.840 [JavaFX Application Thread] WARN  application.Wig20Controller - Fetching data for the table
12:00:51.840 [JavaFX Application Thread] INFO  application.Wig20Controller - Text set in TextArea successfully.
12:00:52.657 [JavaFX Application Thread] INFO  application.InternetChecker - Internet connection is reachable.
12:00:52.658 [JavaFX Application Thread] INFO  application.Wig20Controller - Button clicked: kruk
12:00:52.658 [JavaFX Application Thread] INFO  application.Wig20Controller - Fetching data for chart for company: KRUK
12:00:52.690 [JavaFX Application Thread] INFO  application.Wig20Controller - Chart data added successfully for company: KRUK
12:00:52.690 [JavaFX Application Thread] INFO  application.Wig20Controller - Fetching data for TextArea for company: KRUK
12:00:52.808 [JavaFX Application Thread] WARN  application.Wig20Controller - Fetching data for the table
12:00:52.808 [JavaFX Application Thread] INFO  application.Wig20Controller - Text set in TextArea successfully.
12:00:53.916 [JavaFX Application Thread] INFO  application.InternetChecker - Internet connection is reachable.
12:00:53.918 [JavaFX Application Thread] INFO  application.Wig20Controller - Button clicked: kruk
12:00:53.918 [JavaFX Application Thread] INFO  application.Wig20Controller - Fetching data for chart for company: KRUK
12:00:53.943 [JavaFX Application Thread] INFO  application.Wig20Controller - Chart data added successfully for company: KRUK
12:00:53.943 [JavaFX Application Thread] INFO  application.Wig20Controller - Fetching data for TextArea for company: KRUK
12:00:54.068 [JavaFX Application Thread] WARN  application.Wig20Controller - Fetching data for the table
12:00:54.069 [JavaFX Application Thread] INFO  application.Wig20Controller - Text set in TextArea successfully.
12:00:54.650 [JavaFX Application Thread] INFO  application.InternetChecker - Internet connection is reachable.
12:00:54.651 [JavaFX Application Thread] INFO  application.Wig20Controller - Button clicked: kghm
12:00:54.651 [JavaFX Application Thread] INFO  application.Wig20Controller - Fetching data for chart for company: KGHM
12:00:54.675 [JavaFX Application Thread] INFO  application.Wig20Controller - Chart data added successfully for company: KGHM
12:00:54.675 [JavaFX Application Thread] INFO  application.Wig20Controller - Fetching data for TextArea for company: KGHM
12:00:54.790 [JavaFX Application Thread] WARN  application.Wig20Controller - Fetching data for the table
12:00:54.791 [JavaFX Application Thread] INFO  application.Wig20Controller - Text set in TextArea successfully.
12:00:55.872 [JavaFX Application Thread] INFO  application.InternetChecker - Internet connection is reachable.
12:00:55.873 [JavaFX Application Thread] INFO  application.Wig20Controller - Button clicked: gk
12:00:55.873 [JavaFX Application Thread] INFO  application.Wig20Controller - Fetching data for chart for company: KETY
12:00:55.897 [JavaFX Application Thread] INFO  application.Wig20Controller - Chart data added successfully for company: KETY
12:00:55.898 [JavaFX Application Thread] INFO  application.Wig20Controller - Fetching data for TextArea for company: KETY
12:00:56.013 [JavaFX Application Thread] WARN  application.Wig20Controller - Fetching data for the table
12:00:56.013 [JavaFX Application Thread] INFO  application.Wig20Controller - Text set in TextArea successfully.
12:00:57.098 [JavaFX Application Thread] INFO  application.InternetChecker - Internet connection is reachable.
12:00:57.099 [JavaFX Application Thread] INFO  application.Wig20Controller - Button clicked: jswaSA
12:00:57.099 [JavaFX Application Thread] INFO  application.Wig20Controller - Fetching data for chart for company: JSW-JASTRZEBSKA-SPOLKA-WEGLOWA
12:00:57.125 [JavaFX Application Thread] INFO  application.Wig20Controller - Chart data added successfully for company: JSW-JASTRZEBSKA-SPOLKA-WEGLOWA
12:00:57.125 [JavaFX Application Thread] INFO  application.Wig20Controller - Fetching data for TextArea for company: JSW
12:00:57.249 [JavaFX Application Thread] WARN  application.Wig20Controller - Fetching data for the table
12:00:57.249 [JavaFX Application Thread] INFO  application.Wig20Controller - Text set in TextArea successfully.
12:00:58.605 [JavaFX Application Thread] INFO  application.InternetChecker - Internet connection is reachable.
12:00:58.605 [JavaFX Application Thread] INFO  application.Wig20Controller - Button clicked: dino
12:00:58.605 [JavaFX Application Thread] INFO  application.Wig20Controller - Fetching data for chart for company: DNP
12:00:58.630 [JavaFX Application Thread] INFO  application.Wig20Controller - Chart data added successfully for company: DNP
12:00:58.630 [JavaFX Application Thread] INFO  application.Wig20Controller - Fetching data for TextArea for company: DINOPL
12:00:58.756 [JavaFX Application Thread] WARN  application.Wig20Controller - Fetching data for the table
12:00:58.756 [JavaFX Application Thread] INFO  application.Wig20Controller - Text set in TextArea successfully.
12:01:00.006 [JavaFX Application Thread] INFO  application.InternetChecker - Internet connection is reachable.
12:01:00.006 [JavaFX Application Thread] INFO  application.Wig20Controller - Button clicked: polsat
12:01:00.007 [JavaFX Application Thread] INFO  application.Wig20Controller - Fetching data for chart for company: CYFROWY-POLSAT
12:01:00.032 [JavaFX Application Thread] INFO  application.Wig20Controller - Chart data added successfully for company: CYFROWY-POLSAT
12:01:00.032 [JavaFX Application Thread] INFO  application.Wig20Controller - Fetching data for TextArea for company: CYFRPLSAT
12:01:00.159 [JavaFX Application Thread] WARN  application.Wig20Controller - Fetching data for the table
12:01:00.160 [JavaFX Application Thread] INFO  application.Wig20Controller - Text set in TextArea successfully.
12:01:01.453 [JavaFX Application Thread] INFO  application.InternetChecker - Internet connection is reachable.
12:01:01.455 [JavaFX Application Thread] INFO  application.Wig20Controller - Button clicked: cdProjekt
12:01:01.455 [JavaFX Application Thread] INFO  application.Wig20Controller - Fetching data for chart for company: CD-PROJEKT
12:01:01.491 [JavaFX Application Thread] INFO  application.Wig20Controller - Chart data added successfully for company: CD-PROJEKT
12:01:01.491 [JavaFX Application Thread] INFO  application.Wig20Controller - Fetching data for TextArea for company: CDPROJEKT
12:01:01.662 [JavaFX Application Thread] WARN  application.Wig20Controller - Fetching data for the table
12:01:01.663 [JavaFX Application Thread] INFO  application.Wig20Controller - Text set in TextArea successfully.
12:01:03.593 [JavaFX Application Thread] INFO  application.InternetChecker - Internet connection is reachable.
12:01:03.594 [JavaFX Application Thread] INFO  application.Wig20Controller - Button clicked: asseco
12:01:03.594 [JavaFX Application Thread] INFO  application.Wig20Controller - Fetching data for chart for company: ASSECO-POLAND
12:01:03.622 [JavaFX Application Thread] INFO  application.Wig20Controller - Chart data added successfully for company: ASSECO-POLAND
12:01:03.622 [JavaFX Application Thread] INFO  application.Wig20Controller - Fetching data for TextArea for company: ASSECOPOL
12:01:03.748 [JavaFX Application Thread] WARN  application.Wig20Controller - Fetching data for the table
12:01:03.748 [JavaFX Application Thread] INFO  application.Wig20Controller - Text set in TextArea successfully.
12:01:05.150 [JavaFX Application Thread] INFO  application.InternetChecker - Internet connection is reachable.
12:01:05.151 [JavaFX Application Thread] INFO  application.Wig20Controller - Button clicked: allegro
12:01:05.151 [JavaFX Application Thread] INFO  application.Wig20Controller - Fetching data for chart for company: ALE
12:01:05.175 [JavaFX Application Thread] INFO  application.Wig20Controller - Chart data added successfully for company: ALE
12:01:05.176 [JavaFX Application Thread] INFO  application.Wig20Controller - Fetching data for TextArea for company: ALLEGRO
12:01:05.302 [JavaFX Application Thread] WARN  application.Wig20Controller - Fetching data for the table
12:01:05.303 [JavaFX Application Thread] INFO  application.Wig20Controller - Text set in TextArea successfully.
12:01:06.860 [JavaFX Application Thread] INFO  application.InternetChecker - Internet connection is reachable.
12:01:06.861 [JavaFX Application Thread] INFO  application.Wig20Controller - Button clicked: alior
12:01:06.861 [JavaFX Application Thread] INFO  application.Wig20Controller - Fetching data for chart for company: ALIOR-BANK
12:01:06.887 [JavaFX Application Thread] INFO  application.Wig20Controller - Chart data added successfully for company: ALIOR-BANK
12:01:06.887 [JavaFX Application Thread] INFO  application.Wig20Controller - Fetching data for TextArea for company: ALIOR
12:01:07.271 [JavaFX Application Thread] WARN  application.Wig20Controller - Fetching data for the table
12:01:07.271 [JavaFX Application Thread] INFO  application.Wig20Controller - Text set in TextArea successfully.
12:01:11.034 [JavaFX Application Thread] INFO  application.InternetChecker - Internet connection is reachable.
12:01:11.034 [JavaFX Application Thread] INFO  application.Wig20Controller - Button clicked: orlen
12:01:11.035 [JavaFX Application Thread] INFO  application.Wig20Controller - Fetching data for chart for company: ORLEN
12:01:11.334 [JavaFX Application Thread] INFO  application.Wig20Controller - Chart data added successfully for company: ORLEN
12:01:11.334 [JavaFX Application Thread] INFO  application.Wig20Controller - Fetching data for TextArea for company: PKNORLEN
12:01:11.470 [JavaFX Application Thread] WARN  application.Wig20Controller - Fetching data for the table
12:01:11.470 [JavaFX Application Thread] INFO  application.Wig20Controller - Text set in TextArea successfully.
12:01:23.826 [JavaFX Application Thread] INFO  application.InternetChecker - Internet connection is reachable.
12:01:23.826 [JavaFX Application Thread] INFO  application.Wig20Controller - Button clicked: kghm
12:01:23.827 [JavaFX Application Thread] INFO  application.Wig20Controller - Fetching data for chart for company: KGHM
12:01:24.425 [JavaFX Application Thread] INFO  application.Wig20Controller - Chart data added successfully for company: KGHM
12:01:24.425 [JavaFX Application Thread] INFO  application.Wig20Controller - Fetching data for TextArea for company: KGHM
12:01:24.560 [JavaFX Application Thread] WARN  application.Wig20Controller - Fetching data for the table
12:01:24.560 [JavaFX Application Thread] INFO  application.Wig20Controller - Text set in TextArea successfully.
